2015-09-15 14:18:55,630 [http-bio-8080-exec-8] ERROR StackTrace  - Full Stack Trace:
java.lang.RuntimeException: Error initializing GroovyPageView
	at org.codehaus.groovy.grails.web.servlet.view.GrailsViewResolver.createGroovyPageView(GrailsViewResolver.java:180)
	at org.codehaus.groovy.grails.web.servlet.view.GrailsViewResolver.createGrailsView(GrailsViewResolver.java:161)
	at org.codehaus.groovy.grails.web.servlet.view.GrailsViewResolver.loadView(GrailsViewResolver.java:86)
	at org.codehaus.groovy.grails.scaffolding.view.ScaffoldingViewResolver.loadView(ScaffoldingViewResolver.java:61)
	at org.springframework.web.servlet.view.AbstractCachingViewResolver.createView(AbstractCachingViewResolver.java:241)
	at org.springframework.web.servlet.view.UrlBasedViewResolver.createView(UrlBasedViewResolver.java:401)
	at org.springframework.web.servlet.view.AbstractCachingViewResolver.resolveViewName(AbstractCachingViewResolver.java:143)
	at org.springframework.web.servlet.DispatcherServlet.resolveViewName(DispatcherServlet.java:1239)
	at org.springframework.web.servlet.DispatcherServlet.render(DispatcherServlet.java:1188)
	at org.codehaus.groovy.grails.web.servlet.GrailsDispatcherServlet.doDispatch(GrailsDispatcherServlet.java:388)
	at org.springframework.web.servlet.DispatcherServlet.doService(DispatcherServlet.java:856)
	at org.springframework.web.servlet.FrameworkServlet.processRequest(FrameworkServlet.java:936)
	at org.springframework.web.servlet.FrameworkServlet.doGet(FrameworkServlet.java:827)
	at javax.servlet.http.HttpServlet.service(HttpServlet.java:621)
	at org.springframework.web.servlet.FrameworkServlet.service(FrameworkServlet.java:812)
	at javax.servlet.http.HttpServlet.service(HttpServlet.java:728)
	at org.apache.catalina.core.ApplicationFilterChain.internalDoFilter(ApplicationFilterChain.java:305)
	at org.apache.catalina.core.ApplicationFilterChain.doFilter(ApplicationFilterChain.java:210)
	at grails.plugin.cache.web.filter.PageFragmentCachingFilter.doFilter(PageFragmentCachingFilter.java:200)
	at grails.plugin.cache.web.filter.AbstractFilter.doFilter(AbstractFilter.java:63)
	at org.springframework.web.filter.DelegatingFilterProxy.invokeDelegate(DelegatingFilterProxy.java:343)
	at org.springframework.web.filter.DelegatingFilterProxy.doFilter(DelegatingFilterProxy.java:260)
	at org.apache.catalina.core.ApplicationFilterChain.internalDoFilter(ApplicationFilterChain.java:243)
	at org.apache.catalina.core.ApplicationFilterChain.doFilter(ApplicationFilterChain.java:210)
	at org.springframework.web.filter.OncePerRequestFilter.doFilter(OncePerRequestFilter.java:101)
	at org.apache.catalina.core.ApplicationFilterChain.internalDoFilter(ApplicationFilterChain.java:243)
	at org.apache.catalina.core.ApplicationFilterChain.doFilter(ApplicationFilterChain.java:210)
	at org.springframework.web.filter.OncePerRequestFilter.doFilter(OncePerRequestFilter.java:101)
	at org.apache.catalina.core.ApplicationFilterChain.internalDoFilter(ApplicationFilterChain.java:243)
	at org.apache.catalina.core.ApplicationFilterChain.doFilter(ApplicationFilterChain.java:210)
	at org.springframework.web.filter.OncePerRequestFilter.doFilter(OncePerRequestFilter.java:101)
	at org.apache.catalina.core.ApplicationFilterChain.internalDoFilter(ApplicationFilterChain.java:243)
	at org.apache.catalina.core.ApplicationFilterChain.doFilter(ApplicationFilterChain.java:210)
	at org.apache.catalina.core.ApplicationDispatcher.invoke(ApplicationDispatcher.java:749)
	at org.apache.catalina.core.ApplicationDispatcher.processRequest(ApplicationDispatcher.java:487)
	at org.apache.catalina.core.ApplicationDispatcher.doForward(ApplicationDispatcher.java:412)
	at org.apache.catalina.core.ApplicationDispatcher.forward(ApplicationDispatcher.java:339)
	at org.codehaus.groovy.grails.web.util.WebUtils.forwardRequestForUrlMappingInfo(WebUtils.java:323)
	at org.codehaus.groovy.grails.web.util.WebUtils.forwardRequestForUrlMappingInfo(WebUtils.java:288)
	at org.codehaus.groovy.grails.web.util.WebUtils.forwardRequestForUrlMappingInfo(WebUtils.java:279)
	at org.codehaus.groovy.grails.web.mapping.filter.UrlMappingsFilter.doFilterInternal(UrlMappingsFilter.java:218)
	at org.springframework.web.filter.OncePerRequestFilter.doFilter(OncePerRequestFilter.java:107)
	at org.apache.catalina.core.ApplicationFilterChain.internalDoFilter(ApplicationFilterChain.java:243)
	at org.apache.catalina.core.ApplicationFilterChain.doFilter(ApplicationFilterChain.java:210)
	at org.codehaus.groovy.grails.web.sitemesh.GrailsPageFilter.obtainContent(GrailsPageFilter.java:206)
	at org.codehaus.groovy.grails.web.sitemesh.GrailsPageFilter.doFilter(GrailsPageFilter.java:152)
	at org.apache.catalina.core.ApplicationFilterChain.internalDoFilter(ApplicationFilterChain.java:243)
	at org.apache.catalina.core.ApplicationFilterChain.doFilter(ApplicationFilterChain.java:210)
	at javax.servlet.FilterChain$doFilter.call(Unknown Source)
	at org.grails.plugin.resource.DevModeSanityFilter.doFilter(DevModeSanityFilter.groovy:44)
	at org.apache.catalina.core.ApplicationFilterChain.internalDoFilter(ApplicationFilterChain.java:243)
	at org.apache.catalina.core.ApplicationFilterChain.doFilter(ApplicationFilterChain.java:210)
	at org.codehaus.groovy.grails.web.servlet.mvc.GrailsWebRequestFilter.doFilterInternal(GrailsWebRequestFilter.java:69)
	at org.springframework.web.filter.OncePerRequestFilter.doFilter(OncePerRequestFilter.java:107)
	at org.apache.catalina.core.ApplicationFilterChain.internalDoFilter(ApplicationFilterChain.java:243)
	at org.apache.catalina.core.ApplicationFilterChain.doFilter(ApplicationFilterChain.java:210)
	at org.codehaus.groovy.grails.web.filters.HiddenHttpMethodFilter.doFilterInternal(HiddenHttpMethodFilter.java:67)
	at org.springframework.web.filter.OncePerRequestFilter.doFilter(OncePerRequestFilter.java:107)
	at org.apache.catalina.core.ApplicationFilterChain.internalDoFilter(ApplicationFilterChain.java:243)
	at org.apache.catalina.core.ApplicationFilterChain.doFilter(ApplicationFilterChain.java:210)
	at org.springframework.web.filter.CharacterEncodingFilter.doFilterInternal(CharacterEncodingFilter.java:88)
	at org.springframework.web.filter.OncePerRequestFilter.doFilter(OncePerRequestFilter.java:107)
	at org.springframework.web.filter.DelegatingFilterProxy.invokeDelegate(DelegatingFilterProxy.java:343)
	at org.springframework.web.filter.DelegatingFilterProxy.doFilter(DelegatingFilterProxy.java:260)
	at org.apache.catalina.core.ApplicationFilterChain.internalDoFilter(ApplicationFilterChain.java:243)
	at org.apache.catalina.core.ApplicationFilterChain.doFilter(ApplicationFilterChain.java:210)
	at org.apache.catalina.core.StandardWrapperValve.invoke(StandardWrapperValve.java:222)
	at org.apache.catalina.core.StandardContextValve.invoke(StandardContextValve.java:123)
	at org.apache.catalina.core.StandardHostValve.invoke(StandardHostValve.java:171)
	at org.apache.catalina.valves.ErrorReportValve.invoke(ErrorReportValve.java:99)
	at org.apache.catalina.core.StandardEngineValve.invoke(StandardEngineValve.java:118)
	at org.apache.catalina.connector.CoyoteAdapter.service(CoyoteAdapter.java:408)
	at org.apache.coyote.http11.AbstractHttp11Processor.process(AbstractHttp11Processor.java:1023)
	at org.apache.coyote.AbstractProtocol$AbstractConnectionHandler.process(AbstractProtocol.java:589)
	at org.apache.tomcat.util.net.JIoEndpoint$SocketProcessor.run(JIoEndpoint.java:312)
	at java.util.concurrent.ThreadPoolExecutor.runWorker(ThreadPoolExecutor.java:1110)
	at java.util.concurrent.ThreadPoolExecutor$Worker.run(ThreadPoolExecutor.java:603)
	at java.lang.Thread.run(Thread.java:722)
Caused by: org.codehaus.groovy.grails.web.taglib.exceptions.GrailsTagException: Grails tag [g:action="login"] was not closed
	at org.codehaus.groovy.grails.web.pages.GroovyPageParser.endTag(GroovyPageParser.java:986)
	at org.codehaus.groovy.grails.web.pages.GroovyPageParser.page(GroovyPageParser.java:847)
	at org.codehaus.groovy.grails.web.pages.GroovyPageParser.generateGsp(GroovyPageParser.java:405)
	at org.codehaus.groovy.grails.web.pages.GroovyPageParser.parse(GroovyPageParser.java:361)
	at org.codehaus.groovy.grails.web.pages.GroovyPagesTemplateEngine.buildPageMetaInfo(GroovyPagesTemplateEngine.java:562)
	at org.codehaus.groovy.grails.web.pages.GroovyPagesTemplateEngine.createTemplate(GroovyPagesTemplateEngine.java:470)
	at org.codehaus.groovy.grails.web.pages.GroovyPagesTemplateEngine.createTemplateWithResource(GroovyPagesTemplateEngine.java:452)
	at org.codehaus.groovy.grails.web.pages.GroovyPagesTemplateEngine.createTemplate(GroovyPagesTemplateEngine.java:267)
	at org.codehaus.groovy.grails.web.pages.GroovyPagesTemplateEngine.createTemplate(GroovyPagesTemplateEngine.java:347)
	at org.codehaus.groovy.grails.web.pages.GroovyPagesTemplateEngine.createTemplateForUri(GroovyPagesTemplateEngine.java:319)
	at org.codehaus.groovy.grails.web.pages.GroovyPagesTemplateEngine.createTemplateForUri(GroovyPagesTemplateEngine.java:312)
	at org.codehaus.groovy.grails.web.pages.GroovyPagesTemplateEngine.createTemplate(GroovyPagesTemplateEngine.java:283)
	at org.codehaus.groovy.grails.web.servlet.view.GroovyPageView.createGroovyPageException(GroovyPageView.java:186)
	at org.codehaus.groovy.grails.web.servlet.view.GroovyPageView.handleException(GroovyPageView.java:182)
	at org.codehaus.groovy.grails.web.servlet.view.GroovyPageView.afterPropertiesSet(GroovyPageView.java:241)
	at org.codehaus.groovy.grails.web.servlet.view.GrailsViewResolver.createGroovyPageView(GrailsViewResolver.java:178)
	... 77 more
2015-09-15 14:18:55,641 [http-bio-8080-exec-8] ERROR StackTrace  - Full Stack Trace:
org.codehaus.groovy.grails.web.taglib.exceptions.GrailsTagException: Grails tag [g:action="login"] was not closed
	at org.codehaus.groovy.grails.web.pages.GroovyPageParser.endTag(GroovyPageParser.java:986)
	at org.codehaus.groovy.grails.web.pages.GroovyPageParser.page(GroovyPageParser.java:847)
	at org.codehaus.groovy.grails.web.pages.GroovyPageParser.generateGsp(GroovyPageParser.java:405)
	at org.codehaus.groovy.grails.web.pages.GroovyPageParser.parse(GroovyPageParser.java:361)
	at org.codehaus.groovy.grails.web.pages.GroovyPagesTemplateEngine.buildPageMetaInfo(GroovyPagesTemplateEngine.java:562)
	at org.codehaus.groovy.grails.web.pages.GroovyPagesTemplateEngine.createTemplate(GroovyPagesTemplateEngine.java:470)
	at org.codehaus.groovy.grails.web.pages.GroovyPagesTemplateEngine.createTemplateWithResource(GroovyPagesTemplateEngine.java:452)
	at org.codehaus.groovy.grails.web.pages.GroovyPagesTemplateEngine.createTemplate(GroovyPagesTemplateEngine.java:267)
	at org.codehaus.groovy.grails.web.pages.GroovyPagesTemplateEngine.createTemplate(GroovyPagesTemplateEngine.java:347)
	at org.codehaus.groovy.grails.web.pages.GroovyPagesTemplateEngine.createTemplateForUri(GroovyPagesTemplateEngine.java:319)
	at org.codehaus.groovy.grails.web.pages.GroovyPagesTemplateEngine.createTemplateForUri(GroovyPagesTemplateEngine.java:312)
	at org.codehaus.groovy.grails.web.pages.GroovyPagesTemplateEngine.createTemplate(GroovyPagesTemplateEngine.java:283)
	at org.codehaus.groovy.grails.web.servlet.view.GroovyPageView.createGroovyPageException(GroovyPageView.java:186)
	at org.codehaus.groovy.grails.web.servlet.view.GroovyPageView.handleException(GroovyPageView.java:182)
	at org.codehaus.groovy.grails.web.servlet.view.GroovyPageView.afterPropertiesSet(GroovyPageView.java:241)
	at org.codehaus.groovy.grails.web.servlet.view.GrailsViewResolver.createGroovyPageView(GrailsViewResolver.java:178)
	at org.codehaus.groovy.grails.web.servlet.view.GrailsViewResolver.createGrailsView(GrailsViewResolver.java:161)
	at org.codehaus.groovy.grails.web.servlet.view.GrailsViewResolver.loadView(GrailsViewResolver.java:86)
	at org.codehaus.groovy.grails.scaffolding.view.ScaffoldingViewResolver.loadView(ScaffoldingViewResolver.java:61)
	at org.springframework.web.servlet.view.AbstractCachingViewResolver.createView(AbstractCachingViewResolver.java:241)
	at org.springframework.web.servlet.view.UrlBasedViewResolver.createView(UrlBasedViewResolver.java:401)
	at org.springframework.web.servlet.view.AbstractCachingViewResolver.resolveViewName(AbstractCachingViewResolver.java:143)
	at org.springframework.web.servlet.DispatcherServlet.resolveViewName(DispatcherServlet.java:1239)
	at org.springframework.web.servlet.DispatcherServlet.render(DispatcherServlet.java:1188)
	at org.codehaus.groovy.grails.web.servlet.GrailsDispatcherServlet.doDispatch(GrailsDispatcherServlet.java:388)
	at org.springframework.web.servlet.DispatcherServlet.doService(DispatcherServlet.java:856)
	at org.springframework.web.servlet.FrameworkServlet.processRequest(FrameworkServlet.java:936)
	at org.springframework.web.servlet.FrameworkServlet.doGet(FrameworkServlet.java:827)
	at javax.servlet.http.HttpServlet.service(HttpServlet.java:621)
	at org.springframework.web.servlet.FrameworkServlet.service(FrameworkServlet.java:812)
	at javax.servlet.http.HttpServlet.service(HttpServlet.java:728)
	at org.apache.catalina.core.ApplicationFilterChain.internalDoFilter(ApplicationFilterChain.java:305)
	at org.apache.catalina.core.ApplicationFilterChain.doFilter(ApplicationFilterChain.java:210)
	at grails.plugin.cache.web.filter.PageFragmentCachingFilter.doFilter(PageFragmentCachingFilter.java:200)
	at grails.plugin.cache.web.filter.AbstractFilter.doFilter(AbstractFilter.java:63)
	at org.springframework.web.filter.DelegatingFilterProxy.invokeDelegate(DelegatingFilterProxy.java:343)
	at org.springframework.web.filter.DelegatingFilterProxy.doFilter(DelegatingFilterProxy.java:260)
	at org.apache.catalina.core.ApplicationFilterChain.internalDoFilter(ApplicationFilterChain.java:243)
	at org.apache.catalina.core.ApplicationFilterChain.doFilter(ApplicationFilterChain.java:210)
	at org.springframework.web.filter.OncePerRequestFilter.doFilter(OncePerRequestFilter.java:101)
	at org.apache.catalina.core.ApplicationFilterChain.internalDoFilter(ApplicationFilterChain.java:243)
	at org.apache.catalina.core.ApplicationFilterChain.doFilter(ApplicationFilterChain.java:210)
	at org.springframework.web.filter.OncePerRequestFilter.doFilter(OncePerRequestFilter.java:101)
	at org.apache.catalina.core.ApplicationFilterChain.internalDoFilter(ApplicationFilterChain.java:243)
	at org.apache.catalina.core.ApplicationFilterChain.doFilter(ApplicationFilterChain.java:210)
	at org.springframework.web.filter.OncePerRequestFilter.doFilter(OncePerRequestFilter.java:101)
	at org.apache.catalina.core.ApplicationFilterChain.internalDoFilter(ApplicationFilterChain.java:243)
	at org.apache.catalina.core.ApplicationFilterChain.doFilter(ApplicationFilterChain.java:210)
	at org.apache.catalina.core.ApplicationDispatcher.invoke(ApplicationDispatcher.java:749)
	at org.apache.catalina.core.ApplicationDispatcher.processRequest(ApplicationDispatcher.java:487)
	at org.apache.catalina.core.ApplicationDispatcher.doForward(ApplicationDispatcher.java:412)
	at org.apache.catalina.core.ApplicationDispatcher.forward(ApplicationDispatcher.java:339)
	at org.codehaus.groovy.grails.web.util.WebUtils.forwardRequestForUrlMappingInfo(WebUtils.java:323)
	at org.codehaus.groovy.grails.web.util.WebUtils.forwardRequestForUrlMappingInfo(WebUtils.java:288)
	at org.codehaus.groovy.grails.web.util.WebUtils.forwardRequestForUrlMappingInfo(WebUtils.java:279)
	at org.codehaus.groovy.grails.web.mapping.filter.UrlMappingsFilter.doFilterInternal(UrlMappingsFilter.java:218)
	at org.springframework.web.filter.OncePerRequestFilter.doFilter(OncePerRequestFilter.java:107)
	at org.apache.catalina.core.ApplicationFilterChain.internalDoFilter(ApplicationFilterChain.java:243)
	at org.apache.catalina.core.ApplicationFilterChain.doFilter(ApplicationFilterChain.java:210)
	at org.codehaus.groovy.grails.web.sitemesh.GrailsPageFilter.obtainContent(GrailsPageFilter.java:206)
	at org.codehaus.groovy.grails.web.sitemesh.GrailsPageFilter.doFilter(GrailsPageFilter.java:152)
	at org.apache.catalina.core.ApplicationFilterChain.internalDoFilter(ApplicationFilterChain.java:243)
	at org.apache.catalina.core.ApplicationFilterChain.doFilter(ApplicationFilterChain.java:210)
	at javax.servlet.FilterChain$doFilter.call(Unknown Source)
	at org.grails.plugin.resource.DevModeSanityFilter.doFilter(DevModeSanityFilter.groovy:44)
	at org.apache.catalina.core.ApplicationFilterChain.internalDoFilter(ApplicationFilterChain.java:243)
	at org.apache.catalina.core.ApplicationFilterChain.doFilter(ApplicationFilterChain.java:210)
	at org.codehaus.groovy.grails.web.servlet.mvc.GrailsWebRequestFilter.doFilterInternal(GrailsWebRequestFilter.java:69)
	at org.springframework.web.filter.OncePerRequestFilter.doFilter(OncePerRequestFilter.java:107)
	at org.apache.catalina.core.ApplicationFilterChain.internalDoFilter(ApplicationFilterChain.java:243)
	at org.apache.catalina.core.ApplicationFilterChain.doFilter(ApplicationFilterChain.java:210)
	at org.codehaus.groovy.grails.web.filters.HiddenHttpMethodFilter.doFilterInternal(HiddenHttpMethodFilter.java:67)
	at org.springframework.web.filter.OncePerRequestFilter.doFilter(OncePerRequestFilter.java:107)
	at org.apache.catalina.core.ApplicationFilterChain.internalDoFilter(ApplicationFilterChain.java:243)
	at org.apache.catalina.core.ApplicationFilterChain.doFilter(ApplicationFilterChain.java:210)
	at org.springframework.web.filter.CharacterEncodingFilter.doFilterInternal(CharacterEncodingFilter.java:88)
	at org.springframework.web.filter.OncePerRequestFilter.doFilter(OncePerRequestFilter.java:107)
	at org.springframework.web.filter.DelegatingFilterProxy.invokeDelegate(DelegatingFilterProxy.java:343)
	at org.springframework.web.filter.DelegatingFilterProxy.doFilter(DelegatingFilterProxy.java:260)
	at org.apache.catalina.core.ApplicationFilterChain.internalDoFilter(ApplicationFilterChain.java:243)
	at org.apache.catalina.core.ApplicationFilterChain.doFilter(ApplicationFilterChain.java:210)
	at org.apache.catalina.core.StandardWrapperValve.invoke(StandardWrapperValve.java:222)
	at org.apache.catalina.core.StandardContextValve.invoke(StandardContextValve.java:123)
	at org.apache.catalina.core.StandardHostValve.invoke(StandardHostValve.java:171)
	at org.apache.catalina.valves.ErrorReportValve.invoke(ErrorReportValve.java:99)
	at org.apache.catalina.core.StandardEngineValve.invoke(StandardEngineValve.java:118)
	at org.apache.catalina.connector.CoyoteAdapter.service(CoyoteAdapter.java:408)
	at org.apache.coyote.http11.AbstractHttp11Processor.process(AbstractHttp11Processor.java:1023)
	at org.apache.coyote.AbstractProtocol$AbstractConnectionHandler.process(AbstractProtocol.java:589)
	at org.apache.tomcat.util.net.JIoEndpoint$SocketProcessor.run(JIoEndpoint.java:312)
	at java.util.concurrent.ThreadPoolExecutor.runWorker(ThreadPoolExecutor.java:1110)
	at java.util.concurrent.ThreadPoolExecutor$Worker.run(ThreadPoolExecutor.java:603)
	at java.lang.Thread.run(Thread.java:722)
2015-09-15 14:18:55,642 [http-bio-8080-exec-8] ERROR StackTrace  - Full Stack Trace:
java.lang.RuntimeException: Error initializing GroovyPageView
	at grails.plugin.cache.web.filter.PageFragmentCachingFilter.doFilter(PageFragmentCachingFilter.java:200)
	at grails.plugin.cache.web.filter.AbstractFilter.doFilter(AbstractFilter.java:63)
	at java.util.concurrent.ThreadPoolExecutor.runWorker(ThreadPoolExecutor.java:1110)
	at java.util.concurrent.ThreadPoolExecutor$Worker.run(ThreadPoolExecutor.java:603)
	at java.lang.Thread.run(Thread.java:722)
Caused by: org.codehaus.groovy.grails.web.taglib.exceptions.GrailsTagException: Grails tag [g:action="login"] was not closed
	... 5 more
2015-09-15 14:18:55,661 [http-bio-8080-exec-8] ERROR StackTrace  - Full Stack Trace:
java.lang.RuntimeException: Error initializing GroovyPageView
	at grails.plugin.cache.web.filter.PageFragmentCachingFilter.doFilter(PageFragmentCachingFilter.java:200)
	at grails.plugin.cache.web.filter.AbstractFilter.doFilter(AbstractFilter.java:63)
	at java.util.concurrent.ThreadPoolExecutor.runWorker(ThreadPoolExecutor.java:1110)
	at java.util.concurrent.ThreadPoolExecutor$Worker.run(ThreadPoolExecutor.java:603)
	at java.lang.Thread.run(Thread.java:722)
Caused by: org.codehaus.groovy.grails.web.taglib.exceptions.GrailsTagException: Grails tag [g:action="login"] was not closed
	... 5 more
2015-09-15 14:18:55,661 [http-bio-8080-exec-8] ERROR StackTrace  - Full Stack Trace:
org.codehaus.groovy.grails.web.taglib.exceptions.GrailsTagException: Grails tag [g:action="login"] was not closed
	at grails.plugin.cache.web.filter.PageFragmentCachingFilter.doFilter(PageFragmentCachingFilter.java:200)
	at grails.plugin.cache.web.filter.AbstractFilter.doFilter(AbstractFilter.java:63)
	at java.util.concurrent.ThreadPoolExecutor.runWorker(ThreadPoolExecutor.java:1110)
	at java.util.concurrent.ThreadPoolExecutor$Worker.run(ThreadPoolExecutor.java:603)
	at java.lang.Thread.run(Thread.java:722)
2015-09-15 14:18:55,661 [http-bio-8080-exec-8] ERROR StackTrace  - Full Stack Trace:
java.lang.RuntimeException: Error initializing GroovyPageView
	at grails.plugin.cache.web.filter.PageFragmentCachingFilter.doFilter(PageFragmentCachingFilter.java:200)
	at grails.plugin.cache.web.filter.AbstractFilter.doFilter(AbstractFilter.java:63)
	at java.util.concurrent.ThreadPoolExecutor.runWorker(ThreadPoolExecutor.java:1110)
	at java.util.concurrent.ThreadPoolExecutor$Worker.run(ThreadPoolExecutor.java:603)
	at java.lang.Thread.run(Thread.java:722)
Caused by: org.codehaus.groovy.grails.web.taglib.exceptions.GrailsTagException: Grails tag [g:action="login"] was not closed
	... 5 more
2015-09-15 14:20:07,355 [http-bio-8080-exec-3] ERROR StackTrace  - Full Stack Trace:
java.lang.RuntimeException: Error initializing GroovyPageView
	at org.codehaus.groovy.grails.web.servlet.view.GrailsViewResolver.createGroovyPageView(GrailsViewResolver.java:180)
	at org.codehaus.groovy.grails.web.servlet.view.GrailsViewResolver.createGrailsView(GrailsViewResolver.java:161)
	at org.codehaus.groovy.grails.web.servlet.view.GrailsViewResolver.loadView(GrailsViewResolver.java:86)
	at org.codehaus.groovy.grails.scaffolding.view.ScaffoldingViewResolver.loadView(ScaffoldingViewResolver.java:61)
	at org.springframework.web.servlet.view.AbstractCachingViewResolver.createView(AbstractCachingViewResolver.java:241)
	at org.springframework.web.servlet.view.UrlBasedViewResolver.createView(UrlBasedViewResolver.java:401)
	at org.springframework.web.servlet.view.AbstractCachingViewResolver.resolveViewName(AbstractCachingViewResolver.java:143)
	at org.springframework.web.servlet.DispatcherServlet.resolveViewName(DispatcherServlet.java:1239)
	at org.springframework.web.servlet.DispatcherServlet.render(DispatcherServlet.java:1188)
	at org.codehaus.groovy.grails.web.servlet.GrailsDispatcherServlet.doDispatch(GrailsDispatcherServlet.java:388)
	at org.springframework.web.servlet.DispatcherServlet.doService(DispatcherServlet.java:856)
	at org.springframework.web.servlet.FrameworkServlet.processRequest(FrameworkServlet.java:936)
	at org.springframework.web.servlet.FrameworkServlet.doGet(FrameworkServlet.java:827)
	at javax.servlet.http.HttpServlet.service(HttpServlet.java:621)
	at org.springframework.web.servlet.FrameworkServlet.service(FrameworkServlet.java:812)
	at javax.servlet.http.HttpServlet.service(HttpServlet.java:728)
	at org.apache.catalina.core.ApplicationFilterChain.internalDoFilter(ApplicationFilterChain.java:305)
	at org.apache.catalina.core.ApplicationFilterChain.doFilter(ApplicationFilterChain.java:210)
	at grails.plugin.cache.web.filter.PageFragmentCachingFilter.doFilter(PageFragmentCachingFilter.java:200)
	at grails.plugin.cache.web.filter.AbstractFilter.doFilter(AbstractFilter.java:63)
	at org.springframework.web.filter.DelegatingFilterProxy.invokeDelegate(DelegatingFilterProxy.java:343)
	at org.springframework.web.filter.DelegatingFilterProxy.doFilter(DelegatingFilterProxy.java:260)
	at org.apache.catalina.core.ApplicationFilterChain.internalDoFilter(ApplicationFilterChain.java:243)
	at org.apache.catalina.core.ApplicationFilterChain.doFilter(ApplicationFilterChain.java:210)
	at org.springframework.web.filter.OncePerRequestFilter.doFilter(OncePerRequestFilter.java:101)
	at org.apache.catalina.core.ApplicationFilterChain.internalDoFilter(ApplicationFilterChain.java:243)
	at org.apache.catalina.core.ApplicationFilterChain.doFilter(ApplicationFilterChain.java:210)
	at org.springframework.web.filter.OncePerRequestFilter.doFilter(OncePerRequestFilter.java:101)
	at org.apache.catalina.core.ApplicationFilterChain.internalDoFilter(ApplicationFilterChain.java:243)
	at org.apache.catalina.core.ApplicationFilterChain.doFilter(ApplicationFilterChain.java:210)
	at org.springframework.web.filter.OncePerRequestFilter.doFilter(OncePerRequestFilter.java:101)
	at org.apache.catalina.core.ApplicationFilterChain.internalDoFilter(ApplicationFilterChain.java:243)
	at org.apache.catalina.core.ApplicationFilterChain.doFilter(ApplicationFilterChain.java:210)
	at org.apache.catalina.core.ApplicationDispatcher.invoke(ApplicationDispatcher.java:749)
	at org.apache.catalina.core.ApplicationDispatcher.processRequest(ApplicationDispatcher.java:487)
	at org.apache.catalina.core.ApplicationDispatcher.doForward(ApplicationDispatcher.java:412)
	at org.apache.catalina.core.ApplicationDispatcher.forward(ApplicationDispatcher.java:339)
	at org.codehaus.groovy.grails.web.util.WebUtils.forwardRequestForUrlMappingInfo(WebUtils.java:323)
	at org.codehaus.groovy.grails.web.util.WebUtils.forwardRequestForUrlMappingInfo(WebUtils.java:288)
	at org.codehaus.groovy.grails.web.util.WebUtils.forwardRequestForUrlMappingInfo(WebUtils.java:279)
	at org.codehaus.groovy.grails.web.mapping.filter.UrlMappingsFilter.doFilterInternal(UrlMappingsFilter.java:218)
	at org.springframework.web.filter.OncePerRequestFilter.doFilter(OncePerRequestFilter.java:107)
	at org.apache.catalina.core.ApplicationFilterChain.internalDoFilter(ApplicationFilterChain.java:243)
	at org.apache.catalina.core.ApplicationFilterChain.doFilter(ApplicationFilterChain.java:210)
	at org.codehaus.groovy.grails.web.sitemesh.GrailsPageFilter.obtainContent(GrailsPageFilter.java:206)
	at org.codehaus.groovy.grails.web.sitemesh.GrailsPageFilter.doFilter(GrailsPageFilter.java:152)
	at org.apache.catalina.core.ApplicationFilterChain.internalDoFilter(ApplicationFilterChain.java:243)
	at org.apache.catalina.core.ApplicationFilterChain.doFilter(ApplicationFilterChain.java:210)
	at javax.servlet.FilterChain$doFilter.call(Unknown Source)
	at org.grails.plugin.resource.DevModeSanityFilter.doFilter(DevModeSanityFilter.groovy:44)
	at org.apache.catalina.core.ApplicationFilterChain.internalDoFilter(ApplicationFilterChain.java:243)
	at org.apache.catalina.core.ApplicationFilterChain.doFilter(ApplicationFilterChain.java:210)
	at org.codehaus.groovy.grails.web.servlet.mvc.GrailsWebRequestFilter.doFilterInternal(GrailsWebRequestFilter.java:69)
	at org.springframework.web.filter.OncePerRequestFilter.doFilter(OncePerRequestFilter.java:107)
	at org.apache.catalina.core.ApplicationFilterChain.internalDoFilter(ApplicationFilterChain.java:243)
	at org.apache.catalina.core.ApplicationFilterChain.doFilter(ApplicationFilterChain.java:210)
	at org.codehaus.groovy.grails.web.filters.HiddenHttpMethodFilter.doFilterInternal(HiddenHttpMethodFilter.java:67)
	at org.springframework.web.filter.OncePerRequestFilter.doFilter(OncePerRequestFilter.java:107)
	at org.apache.catalina.core.ApplicationFilterChain.internalDoFilter(ApplicationFilterChain.java:243)
	at org.apache.catalina.core.ApplicationFilterChain.doFilter(ApplicationFilterChain.java:210)
	at org.springframework.web.filter.CharacterEncodingFilter.doFilterInternal(CharacterEncodingFilter.java:88)
	at org.springframework.web.filter.OncePerRequestFilter.doFilter(OncePerRequestFilter.java:107)
	at org.springframework.web.filter.DelegatingFilterProxy.invokeDelegate(DelegatingFilterProxy.java:343)
	at org.springframework.web.filter.DelegatingFilterProxy.doFilter(DelegatingFilterProxy.java:260)
	at org.apache.catalina.core.ApplicationFilterChain.internalDoFilter(ApplicationFilterChain.java:243)
	at org.apache.catalina.core.ApplicationFilterChain.doFilter(ApplicationFilterChain.java:210)
	at org.apache.catalina.core.StandardWrapperValve.invoke(StandardWrapperValve.java:222)
	at org.apache.catalina.core.StandardContextValve.invoke(StandardContextValve.java:123)
	at org.apache.catalina.core.StandardHostValve.invoke(StandardHostValve.java:171)
	at org.apache.catalina.valves.ErrorReportValve.invoke(ErrorReportValve.java:99)
	at org.apache.catalina.core.StandardEngineValve.invoke(StandardEngineValve.java:118)
	at org.apache.catalina.connector.CoyoteAdapter.service(CoyoteAdapter.java:408)
	at org.apache.coyote.http11.AbstractHttp11Processor.process(AbstractHttp11Processor.java:1023)
	at org.apache.coyote.AbstractProtocol$AbstractConnectionHandler.process(AbstractProtocol.java:589)
	at org.apache.tomcat.util.net.JIoEndpoint$SocketProcessor.run(JIoEndpoint.java:310)
	at java.util.concurrent.ThreadPoolExecutor.runWorker(ThreadPoolExecutor.java:1110)
	at java.util.concurrent.ThreadPoolExecutor$Worker.run(ThreadPoolExecutor.java:603)
	at java.lang.Thread.run(Thread.java:722)
Caused by: org.codehaus.groovy.grails.web.taglib.exceptions.GrailsTagException: Grails tag [g:action="login"] was not closed
	at org.codehaus.groovy.grails.web.pages.GroovyPageParser.endTag(GroovyPageParser.java:986)
	at org.codehaus.groovy.grails.web.pages.GroovyPageParser.page(GroovyPageParser.java:847)
	at org.codehaus.groovy.grails.web.pages.GroovyPageParser.generateGsp(GroovyPageParser.java:405)
	at org.codehaus.groovy.grails.web.pages.GroovyPageParser.parse(GroovyPageParser.java:361)
	at org.codehaus.groovy.grails.web.pages.GroovyPagesTemplateEngine.buildPageMetaInfo(GroovyPagesTemplateEngine.java:562)
	at org.codehaus.groovy.grails.web.pages.GroovyPagesTemplateEngine.createTemplate(GroovyPagesTemplateEngine.java:470)
	at org.codehaus.groovy.grails.web.pages.GroovyPagesTemplateEngine.createTemplateWithResource(GroovyPagesTemplateEngine.java:452)
	at org.codehaus.groovy.grails.web.pages.GroovyPagesTemplateEngine.createTemplate(GroovyPagesTemplateEngine.java:267)
	at org.codehaus.groovy.grails.web.pages.GroovyPagesTemplateEngine.createTemplate(GroovyPagesTemplateEngine.java:347)
	at org.codehaus.groovy.grails.web.pages.GroovyPagesTemplateEngine.createTemplateForUri(GroovyPagesTemplateEngine.java:319)
	at org.codehaus.groovy.grails.web.pages.GroovyPagesTemplateEngine.createTemplateForUri(GroovyPagesTemplateEngine.java:312)
	at org.codehaus.groovy.grails.web.pages.GroovyPagesTemplateEngine.createTemplate(GroovyPagesTemplateEngine.java:283)
	at org.codehaus.groovy.grails.web.servlet.view.GroovyPageView.createGroovyPageException(GroovyPageView.java:186)
	at org.codehaus.groovy.grails.web.servlet.view.GroovyPageView.handleException(GroovyPageView.java:182)
	at org.codehaus.groovy.grails.web.servlet.view.GroovyPageView.afterPropertiesSet(GroovyPageView.java:241)
	at org.codehaus.groovy.grails.web.servlet.view.GrailsViewResolver.createGroovyPageView(GrailsViewResolver.java:178)
	... 77 more
2015-09-15 14:20:07,357 [http-bio-8080-exec-3] ERROR StackTrace  - Full Stack Trace:
org.codehaus.groovy.grails.web.taglib.exceptions.GrailsTagException: Grails tag [g:action="login"] was not closed
	at org.codehaus.groovy.grails.web.pages.GroovyPageParser.endTag(GroovyPageParser.java:986)
	at org.codehaus.groovy.grails.web.pages.GroovyPageParser.page(GroovyPageParser.java:847)
	at org.codehaus.groovy.grails.web.pages.GroovyPageParser.generateGsp(GroovyPageParser.java:405)
	at org.codehaus.groovy.grails.web.pages.GroovyPageParser.parse(GroovyPageParser.java:361)
	at org.codehaus.groovy.grails.web.pages.GroovyPagesTemplateEngine.buildPageMetaInfo(GroovyPagesTemplateEngine.java:562)
	at org.codehaus.groovy.grails.web.pages.GroovyPagesTemplateEngine.createTemplate(GroovyPagesTemplateEngine.java:470)
	at org.codehaus.groovy.grails.web.pages.GroovyPagesTemplateEngine.createTemplateWithResource(GroovyPagesTemplateEngine.java:452)
	at org.codehaus.groovy.grails.web.pages.GroovyPagesTemplateEngine.createTemplate(GroovyPagesTemplateEngine.java:267)
	at org.codehaus.groovy.grails.web.pages.GroovyPagesTemplateEngine.createTemplate(GroovyPagesTemplateEngine.java:347)
	at org.codehaus.groovy.grails.web.pages.GroovyPagesTemplateEngine.createTemplateForUri(GroovyPagesTemplateEngine.java:319)
	at org.codehaus.groovy.grails.web.pages.GroovyPagesTemplateEngine.createTemplateForUri(GroovyPagesTemplateEngine.java:312)
	at org.codehaus.groovy.grails.web.pages.GroovyPagesTemplateEngine.createTemplate(GroovyPagesTemplateEngine.java:283)
	at org.codehaus.groovy.grails.web.servlet.view.GroovyPageView.createGroovyPageException(GroovyPageView.java:186)
	at org.codehaus.groovy.grails.web.servlet.view.GroovyPageView.handleException(GroovyPageView.java:182)
	at org.codehaus.groovy.grails.web.servlet.view.GroovyPageView.afterPropertiesSet(GroovyPageView.java:241)
	at org.codehaus.groovy.grails.web.servlet.view.GrailsViewResolver.createGroovyPageView(GrailsViewResolver.java:178)
	at org.codehaus.groovy.grails.web.servlet.view.GrailsViewResolver.createGrailsView(GrailsViewResolver.java:161)
	at org.codehaus.groovy.grails.web.servlet.view.GrailsViewResolver.loadView(GrailsViewResolver.java:86)
	at org.codehaus.groovy.grails.scaffolding.view.ScaffoldingViewResolver.loadView(ScaffoldingViewResolver.java:61)
	at org.springframework.web.servlet.view.AbstractCachingViewResolver.createView(AbstractCachingViewResolver.java:241)
	at org.springframework.web.servlet.view.UrlBasedViewResolver.createView(UrlBasedViewResolver.java:401)
	at org.springframework.web.servlet.view.AbstractCachingViewResolver.resolveViewName(AbstractCachingViewResolver.java:143)
	at org.springframework.web.servlet.DispatcherServlet.resolveViewName(DispatcherServlet.java:1239)
	at org.springframework.web.servlet.DispatcherServlet.render(DispatcherServlet.java:1188)
	at org.codehaus.groovy.grails.web.servlet.GrailsDispatcherServlet.doDispatch(GrailsDispatcherServlet.java:388)
	at org.springframework.web.servlet.DispatcherServlet.doService(DispatcherServlet.java:856)
	at org.springframework.web.servlet.FrameworkServlet.processRequest(FrameworkServlet.java:936)
	at org.springframework.web.servlet.FrameworkServlet.doGet(FrameworkServlet.java:827)
	at javax.servlet.http.HttpServlet.service(HttpServlet.java:621)
	at org.springframework.web.servlet.FrameworkServlet.service(FrameworkServlet.java:812)
	at javax.servlet.http.HttpServlet.service(HttpServlet.java:728)
	at org.apache.catalina.core.ApplicationFilterChain.internalDoFilter(ApplicationFilterChain.java:305)
	at org.apache.catalina.core.ApplicationFilterChain.doFilter(ApplicationFilterChain.java:210)
	at grails.plugin.cache.web.filter.PageFragmentCachingFilter.doFilter(PageFragmentCachingFilter.java:200)
	at grails.plugin.cache.web.filter.AbstractFilter.doFilter(AbstractFilter.java:63)
	at org.springframework.web.filter.DelegatingFilterProxy.invokeDelegate(DelegatingFilterProxy.java:343)
	at org.springframework.web.filter.DelegatingFilterProxy.doFilter(DelegatingFilterProxy.java:260)
	at org.apache.catalina.core.ApplicationFilterChain.internalDoFilter(ApplicationFilterChain.java:243)
	at org.apache.catalina.core.ApplicationFilterChain.doFilter(ApplicationFilterChain.java:210)
	at org.springframework.web.filter.OncePerRequestFilter.doFilter(OncePerRequestFilter.java:101)
	at org.apache.catalina.core.ApplicationFilterChain.internalDoFilter(ApplicationFilterChain.java:243)
	at org.apache.catalina.core.ApplicationFilterChain.doFilter(ApplicationFilterChain.java:210)
	at org.springframework.web.filter.OncePerRequestFilter.doFilter(OncePerRequestFilter.java:101)
	at org.apache.catalina.core.ApplicationFilterChain.internalDoFilter(ApplicationFilterChain.java:243)
	at org.apache.catalina.core.ApplicationFilterChain.doFilter(ApplicationFilterChain.java:210)
	at org.springframework.web.filter.OncePerRequestFilter.doFilter(OncePerRequestFilter.java:101)
	at org.apache.catalina.core.ApplicationFilterChain.internalDoFilter(ApplicationFilterChain.java:243)
	at org.apache.catalina.core.ApplicationFilterChain.doFilter(ApplicationFilterChain.java:210)
	at org.apache.catalina.core.ApplicationDispatcher.invoke(ApplicationDispatcher.java:749)
	at org.apache.catalina.core.ApplicationDispatcher.processRequest(ApplicationDispatcher.java:487)
	at org.apache.catalina.core.ApplicationDispatcher.doForward(ApplicationDispatcher.java:412)
	at org.apache.catalina.core.ApplicationDispatcher.forward(ApplicationDispatcher.java:339)
	at org.codehaus.groovy.grails.web.util.WebUtils.forwardRequestForUrlMappingInfo(WebUtils.java:323)
	at org.codehaus.groovy.grails.web.util.WebUtils.forwardRequestForUrlMappingInfo(WebUtils.java:288)
	at org.codehaus.groovy.grails.web.util.WebUtils.forwardRequestForUrlMappingInfo(WebUtils.java:279)
	at org.codehaus.groovy.grails.web.mapping.filter.UrlMappingsFilter.doFilterInternal(UrlMappingsFilter.java:218)
	at org.springframework.web.filter.OncePerRequestFilter.doFilter(OncePerRequestFilter.java:107)
	at org.apache.catalina.core.ApplicationFilterChain.internalDoFilter(ApplicationFilterChain.java:243)
	at org.apache.catalina.core.ApplicationFilterChain.doFilter(ApplicationFilterChain.java:210)
	at org.codehaus.groovy.grails.web.sitemesh.GrailsPageFilter.obtainContent(GrailsPageFilter.java:206)
	at org.codehaus.groovy.grails.web.sitemesh.GrailsPageFilter.doFilter(GrailsPageFilter.java:152)
	at org.apache.catalina.core.ApplicationFilterChain.internalDoFilter(ApplicationFilterChain.java:243)
	at org.apache.catalina.core.ApplicationFilterChain.doFilter(ApplicationFilterChain.java:210)
	at javax.servlet.FilterChain$doFilter.call(Unknown Source)
	at org.grails.plugin.resource.DevModeSanityFilter.doFilter(DevModeSanityFilter.groovy:44)
	at org.apache.catalina.core.ApplicationFilterChain.internalDoFilter(ApplicationFilterChain.java:243)
	at org.apache.catalina.core.ApplicationFilterChain.doFilter(ApplicationFilterChain.java:210)
	at org.codehaus.groovy.grails.web.servlet.mvc.GrailsWebRequestFilter.doFilterInternal(GrailsWebRequestFilter.java:69)
	at org.springframework.web.filter.OncePerRequestFilter.doFilter(OncePerRequestFilter.java:107)
	at org.apache.catalina.core.ApplicationFilterChain.internalDoFilter(ApplicationFilterChain.java:243)
	at org.apache.catalina.core.ApplicationFilterChain.doFilter(ApplicationFilterChain.java:210)
	at org.codehaus.groovy.grails.web.filters.HiddenHttpMethodFilter.doFilterInternal(HiddenHttpMethodFilter.java:67)
	at org.springframework.web.filter.OncePerRequestFilter.doFilter(OncePerRequestFilter.java:107)
	at org.apache.catalina.core.ApplicationFilterChain.internalDoFilter(ApplicationFilterChain.java:243)
	at org.apache.catalina.core.ApplicationFilterChain.doFilter(ApplicationFilterChain.java:210)
	at org.springframework.web.filter.CharacterEncodingFilter.doFilterInternal(CharacterEncodingFilter.java:88)
	at org.springframework.web.filter.OncePerRequestFilter.doFilter(OncePerRequestFilter.java:107)
	at org.springframework.web.filter.DelegatingFilterProxy.invokeDelegate(DelegatingFilterProxy.java:343)
	at org.springframework.web.filter.DelegatingFilterProxy.doFilter(DelegatingFilterProxy.java:260)
	at org.apache.catalina.core.ApplicationFilterChain.internalDoFilter(ApplicationFilterChain.java:243)
	at org.apache.catalina.core.ApplicationFilterChain.doFilter(ApplicationFilterChain.java:210)
	at org.apache.catalina.core.StandardWrapperValve.invoke(StandardWrapperValve.java:222)
	at org.apache.catalina.core.StandardContextValve.invoke(StandardContextValve.java:123)
	at org.apache.catalina.core.StandardHostValve.invoke(StandardHostValve.java:171)
	at org.apache.catalina.valves.ErrorReportValve.invoke(ErrorReportValve.java:99)
	at org.apache.catalina.core.StandardEngineValve.invoke(StandardEngineValve.java:118)
	at org.apache.catalina.connector.CoyoteAdapter.service(CoyoteAdapter.java:408)
	at org.apache.coyote.http11.AbstractHttp11Processor.process(AbstractHttp11Processor.java:1023)
	at org.apache.coyote.AbstractProtocol$AbstractConnectionHandler.process(AbstractProtocol.java:589)
	at org.apache.tomcat.util.net.JIoEndpoint$SocketProcessor.run(JIoEndpoint.java:310)
	at java.util.concurrent.ThreadPoolExecutor.runWorker(ThreadPoolExecutor.java:1110)
	at java.util.concurrent.ThreadPoolExecutor$Worker.run(ThreadPoolExecutor.java:603)
	at java.lang.Thread.run(Thread.java:722)
2015-09-15 14:20:07,357 [http-bio-8080-exec-3] ERROR StackTrace  - Full Stack Trace:
java.lang.RuntimeException: Error initializing GroovyPageView
	at grails.plugin.cache.web.filter.PageFragmentCachingFilter.doFilter(PageFragmentCachingFilter.java:200)
	at grails.plugin.cache.web.filter.AbstractFilter.doFilter(AbstractFilter.java:63)
	at java.util.concurrent.ThreadPoolExecutor.runWorker(ThreadPoolExecutor.java:1110)
	at java.util.concurrent.ThreadPoolExecutor$Worker.run(ThreadPoolExecutor.java:603)
	at java.lang.Thread.run(Thread.java:722)
Caused by: org.codehaus.groovy.grails.web.taglib.exceptions.GrailsTagException: Grails tag [g:action="login"] was not closed
	... 5 more
2015-09-15 14:20:07,360 [http-bio-8080-exec-3] ERROR StackTrace  - Full Stack Trace:
java.lang.RuntimeException: Error initializing GroovyPageView
	at grails.plugin.cache.web.filter.PageFragmentCachingFilter.doFilter(PageFragmentCachingFilter.java:200)
	at grails.plugin.cache.web.filter.AbstractFilter.doFilter(AbstractFilter.java:63)
	at java.util.concurrent.ThreadPoolExecutor.runWorker(ThreadPoolExecutor.java:1110)
	at java.util.concurrent.ThreadPoolExecutor$Worker.run(ThreadPoolExecutor.java:603)
	at java.lang.Thread.run(Thread.java:722)
Caused by: org.codehaus.groovy.grails.web.taglib.exceptions.GrailsTagException: Grails tag [g:action="login"] was not closed
	... 5 more
2015-09-15 14:20:07,361 [http-bio-8080-exec-3] ERROR StackTrace  - Full Stack Trace:
org.codehaus.groovy.grails.web.taglib.exceptions.GrailsTagException: Grails tag [g:action="login"] was not closed
	at grails.plugin.cache.web.filter.PageFragmentCachingFilter.doFilter(PageFragmentCachingFilter.java:200)
	at grails.plugin.cache.web.filter.AbstractFilter.doFilter(AbstractFilter.java:63)
	at java.util.concurrent.ThreadPoolExecutor.runWorker(ThreadPoolExecutor.java:1110)
	at java.util.concurrent.ThreadPoolExecutor$Worker.run(ThreadPoolExecutor.java:603)
	at java.lang.Thread.run(Thread.java:722)
2015-09-15 14:20:07,361 [http-bio-8080-exec-3] ERROR StackTrace  - Full Stack Trace:
java.lang.RuntimeException: Error initializing GroovyPageView
	at grails.plugin.cache.web.filter.PageFragmentCachingFilter.doFilter(PageFragmentCachingFilter.java:200)
	at grails.plugin.cache.web.filter.AbstractFilter.doFilter(AbstractFilter.java:63)
	at java.util.concurrent.ThreadPoolExecutor.runWorker(ThreadPoolExecutor.java:1110)
	at java.util.concurrent.ThreadPoolExecutor$Worker.run(ThreadPoolExecutor.java:603)
	at java.lang.Thread.run(Thread.java:722)
Caused by: org.codehaus.groovy.grails.web.taglib.exceptions.GrailsTagException: Grails tag [g:action="login"] was not closed
	... 5 more
2015-09-15 14:21:20,591 [http-bio-8080-exec-7] ERROR StackTrace  - Full Stack Trace:
java.lang.RuntimeException: Error initializing GroovyPageView
	at org.codehaus.groovy.grails.web.servlet.view.GrailsViewResolver.createGroovyPageView(GrailsViewResolver.java:180)
	at org.codehaus.groovy.grails.web.servlet.view.GrailsViewResolver.createGrailsView(GrailsViewResolver.java:161)
	at org.codehaus.groovy.grails.web.servlet.view.GrailsViewResolver.loadView(GrailsViewResolver.java:86)
	at org.codehaus.groovy.grails.scaffolding.view.ScaffoldingViewResolver.loadView(ScaffoldingViewResolver.java:61)
	at org.springframework.web.servlet.view.AbstractCachingViewResolver.createView(AbstractCachingViewResolver.java:241)
	at org.springframework.web.servlet.view.UrlBasedViewResolver.createView(UrlBasedViewResolver.java:401)
	at org.springframework.web.servlet.view.AbstractCachingViewResolver.resolveViewName(AbstractCachingViewResolver.java:143)
	at org.springframework.web.servlet.DispatcherServlet.resolveViewName(DispatcherServlet.java:1239)
	at org.springframework.web.servlet.DispatcherServlet.render(DispatcherServlet.java:1188)
	at org.codehaus.groovy.grails.web.servlet.GrailsDispatcherServlet.doDispatch(GrailsDispatcherServlet.java:388)
	at org.springframework.web.servlet.DispatcherServlet.doService(DispatcherServlet.java:856)
	at org.springframework.web.servlet.FrameworkServlet.processRequest(FrameworkServlet.java:936)
	at org.springframework.web.servlet.FrameworkServlet.doGet(FrameworkServlet.java:827)
	at javax.servlet.http.HttpServlet.service(HttpServlet.java:621)
	at org.springframework.web.servlet.FrameworkServlet.service(FrameworkServlet.java:812)
	at javax.servlet.http.HttpServlet.service(HttpServlet.java:728)
	at org.apache.catalina.core.ApplicationFilterChain.internalDoFilter(ApplicationFilterChain.java:305)
	at org.apache.catalina.core.ApplicationFilterChain.doFilter(ApplicationFilterChain.java:210)
	at grails.plugin.cache.web.filter.PageFragmentCachingFilter.doFilter(PageFragmentCachingFilter.java:200)
	at grails.plugin.cache.web.filter.AbstractFilter.doFilter(AbstractFilter.java:63)
	at org.springframework.web.filter.DelegatingFilterProxy.invokeDelegate(DelegatingFilterProxy.java:343)
	at org.springframework.web.filter.DelegatingFilterProxy.doFilter(DelegatingFilterProxy.java:260)
	at org.apache.catalina.core.ApplicationFilterChain.internalDoFilter(ApplicationFilterChain.java:243)
	at org.apache.catalina.core.ApplicationFilterChain.doFilter(ApplicationFilterChain.java:210)
	at org.springframework.web.filter.OncePerRequestFilter.doFilter(OncePerRequestFilter.java:101)
	at org.apache.catalina.core.ApplicationFilterChain.internalDoFilter(ApplicationFilterChain.java:243)
	at org.apache.catalina.core.ApplicationFilterChain.doFilter(ApplicationFilterChain.java:210)
	at org.springframework.web.filter.OncePerRequestFilter.doFilter(OncePerRequestFilter.java:101)
	at org.apache.catalina.core.ApplicationFilterChain.internalDoFilter(ApplicationFilterChain.java:243)
	at org.apache.catalina.core.ApplicationFilterChain.doFilter(ApplicationFilterChain.java:210)
	at org.springframework.web.filter.OncePerRequestFilter.doFilter(OncePerRequestFilter.java:101)
	at org.apache.catalina.core.ApplicationFilterChain.internalDoFilter(ApplicationFilterChain.java:243)
	at org.apache.catalina.core.ApplicationFilterChain.doFilter(ApplicationFilterChain.java:210)
	at org.apache.catalina.core.ApplicationDispatcher.invoke(ApplicationDispatcher.java:749)
	at org.apache.catalina.core.ApplicationDispatcher.processRequest(ApplicationDispatcher.java:487)
	at org.apache.catalina.core.ApplicationDispatcher.doForward(ApplicationDispatcher.java:412)
	at org.apache.catalina.core.ApplicationDispatcher.forward(ApplicationDispatcher.java:339)
	at org.codehaus.groovy.grails.web.util.WebUtils.forwardRequestForUrlMappingInfo(WebUtils.java:323)
	at org.codehaus.groovy.grails.web.util.WebUtils.forwardRequestForUrlMappingInfo(WebUtils.java:288)
	at org.codehaus.groovy.grails.web.util.WebUtils.forwardRequestForUrlMappingInfo(WebUtils.java:279)
	at org.codehaus.groovy.grails.web.mapping.filter.UrlMappingsFilter.doFilterInternal(UrlMappingsFilter.java:218)
	at org.springframework.web.filter.OncePerRequestFilter.doFilter(OncePerRequestFilter.java:107)
	at org.apache.catalina.core.ApplicationFilterChain.internalDoFilter(ApplicationFilterChain.java:243)
	at org.apache.catalina.core.ApplicationFilterChain.doFilter(ApplicationFilterChain.java:210)
	at org.codehaus.groovy.grails.web.sitemesh.GrailsPageFilter.obtainContent(GrailsPageFilter.java:206)
	at org.codehaus.groovy.grails.web.sitemesh.GrailsPageFilter.doFilter(GrailsPageFilter.java:152)
	at org.apache.catalina.core.ApplicationFilterChain.internalDoFilter(ApplicationFilterChain.java:243)
	at org.apache.catalina.core.ApplicationFilterChain.doFilter(ApplicationFilterChain.java:210)
	at javax.servlet.FilterChain$doFilter.call(Unknown Source)
	at org.grails.plugin.resource.DevModeSanityFilter.doFilter(DevModeSanityFilter.groovy:44)
	at org.apache.catalina.core.ApplicationFilterChain.internalDoFilter(ApplicationFilterChain.java:243)
	at org.apache.catalina.core.ApplicationFilterChain.doFilter(ApplicationFilterChain.java:210)
	at org.codehaus.groovy.grails.web.servlet.mvc.GrailsWebRequestFilter.doFilterInternal(GrailsWebRequestFilter.java:69)
	at org.springframework.web.filter.OncePerRequestFilter.doFilter(OncePerRequestFilter.java:107)
	at org.apache.catalina.core.ApplicationFilterChain.internalDoFilter(ApplicationFilterChain.java:243)
	at org.apache.catalina.core.ApplicationFilterChain.doFilter(ApplicationFilterChain.java:210)
	at org.codehaus.groovy.grails.web.filters.HiddenHttpMethodFilter.doFilterInternal(HiddenHttpMethodFilter.java:67)
	at org.springframework.web.filter.OncePerRequestFilter.doFilter(OncePerRequestFilter.java:107)
	at org.apache.catalina.core.ApplicationFilterChain.internalDoFilter(ApplicationFilterChain.java:243)
	at org.apache.catalina.core.ApplicationFilterChain.doFilter(ApplicationFilterChain.java:210)
	at org.springframework.web.filter.CharacterEncodingFilter.doFilterInternal(CharacterEncodingFilter.java:88)
	at org.springframework.web.filter.OncePerRequestFilter.doFilter(OncePerRequestFilter.java:107)
	at org.springframework.web.filter.DelegatingFilterProxy.invokeDelegate(DelegatingFilterProxy.java:343)
	at org.springframework.web.filter.DelegatingFilterProxy.doFilter(DelegatingFilterProxy.java:260)
	at org.apache.catalina.core.ApplicationFilterChain.internalDoFilter(ApplicationFilterChain.java:243)
	at org.apache.catalina.core.ApplicationFilterChain.doFilter(ApplicationFilterChain.java:210)
	at org.apache.catalina.core.StandardWrapperValve.invoke(StandardWrapperValve.java:222)
	at org.apache.catalina.core.StandardContextValve.invoke(StandardContextValve.java:123)
	at org.apache.catalina.core.StandardHostValve.invoke(StandardHostValve.java:171)
	at org.apache.catalina.valves.ErrorReportValve.invoke(ErrorReportValve.java:99)
	at org.apache.catalina.core.StandardEngineValve.invoke(StandardEngineValve.java:118)
	at org.apache.catalina.connector.CoyoteAdapter.service(CoyoteAdapter.java:408)
	at org.apache.coyote.http11.AbstractHttp11Processor.process(AbstractHttp11Processor.java:1023)
	at org.apache.coyote.AbstractProtocol$AbstractConnectionHandler.process(AbstractProtocol.java:589)
	at org.apache.tomcat.util.net.JIoEndpoint$SocketProcessor.run(JIoEndpoint.java:310)
	at java.util.concurrent.ThreadPoolExecutor.runWorker(ThreadPoolExecutor.java:1110)
	at java.util.concurrent.ThreadPoolExecutor$Worker.run(ThreadPoolExecutor.java:603)
	at java.lang.Thread.run(Thread.java:722)
Caused by: org.codehaus.groovy.grails.web.taglib.exceptions.GrailsTagException: Grails tag [g:action="login"] was not closed
	at org.codehaus.groovy.grails.web.pages.GroovyPageParser.endTag(GroovyPageParser.java:986)
	at org.codehaus.groovy.grails.web.pages.GroovyPageParser.page(GroovyPageParser.java:847)
	at org.codehaus.groovy.grails.web.pages.GroovyPageParser.generateGsp(GroovyPageParser.java:405)
	at org.codehaus.groovy.grails.web.pages.GroovyPageParser.parse(GroovyPageParser.java:361)
	at org.codehaus.groovy.grails.web.pages.GroovyPagesTemplateEngine.buildPageMetaInfo(GroovyPagesTemplateEngine.java:562)
	at org.codehaus.groovy.grails.web.pages.GroovyPagesTemplateEngine.createTemplate(GroovyPagesTemplateEngine.java:470)
	at org.codehaus.groovy.grails.web.pages.GroovyPagesTemplateEngine.createTemplateWithResource(GroovyPagesTemplateEngine.java:452)
	at org.codehaus.groovy.grails.web.pages.GroovyPagesTemplateEngine.createTemplate(GroovyPagesTemplateEngine.java:267)
	at org.codehaus.groovy.grails.web.pages.GroovyPagesTemplateEngine.createTemplate(GroovyPagesTemplateEngine.java:347)
	at org.codehaus.groovy.grails.web.pages.GroovyPagesTemplateEngine.createTemplateForUri(GroovyPagesTemplateEngine.java:319)
	at org.codehaus.groovy.grails.web.pages.GroovyPagesTemplateEngine.createTemplateForUri(GroovyPagesTemplateEngine.java:312)
	at org.codehaus.groovy.grails.web.pages.GroovyPagesTemplateEngine.createTemplate(GroovyPagesTemplateEngine.java:283)
	at org.codehaus.groovy.grails.web.servlet.view.GroovyPageView.createGroovyPageException(GroovyPageView.java:186)
	at org.codehaus.groovy.grails.web.servlet.view.GroovyPageView.handleException(GroovyPageView.java:182)
	at org.codehaus.groovy.grails.web.servlet.view.GroovyPageView.afterPropertiesSet(GroovyPageView.java:241)
	at org.codehaus.groovy.grails.web.servlet.view.GrailsViewResolver.createGroovyPageView(GrailsViewResolver.java:178)
	... 77 more
2015-09-15 14:21:20,592 [http-bio-8080-exec-7] ERROR StackTrace  - Full Stack Trace:
org.codehaus.groovy.grails.web.taglib.exceptions.GrailsTagException: Grails tag [g:action="login"] was not closed
	at org.codehaus.groovy.grails.web.pages.GroovyPageParser.endTag(GroovyPageParser.java:986)
	at org.codehaus.groovy.grails.web.pages.GroovyPageParser.page(GroovyPageParser.java:847)
	at org.codehaus.groovy.grails.web.pages.GroovyPageParser.generateGsp(GroovyPageParser.java:405)
	at org.codehaus.groovy.grails.web.pages.GroovyPageParser.parse(GroovyPageParser.java:361)
	at org.codehaus.groovy.grails.web.pages.GroovyPagesTemplateEngine.buildPageMetaInfo(GroovyPagesTemplateEngine.java:562)
	at org.codehaus.groovy.grails.web.pages.GroovyPagesTemplateEngine.createTemplate(GroovyPagesTemplateEngine.java:470)
	at org.codehaus.groovy.grails.web.pages.GroovyPagesTemplateEngine.createTemplateWithResource(GroovyPagesTemplateEngine.java:452)
	at org.codehaus.groovy.grails.web.pages.GroovyPagesTemplateEngine.createTemplate(GroovyPagesTemplateEngine.java:267)
	at org.codehaus.groovy.grails.web.pages.GroovyPagesTemplateEngine.createTemplate(GroovyPagesTemplateEngine.java:347)
	at org.codehaus.groovy.grails.web.pages.GroovyPagesTemplateEngine.createTemplateForUri(GroovyPagesTemplateEngine.java:319)
	at org.codehaus.groovy.grails.web.pages.GroovyPagesTemplateEngine.createTemplateForUri(GroovyPagesTemplateEngine.java:312)
	at org.codehaus.groovy.grails.web.pages.GroovyPagesTemplateEngine.createTemplate(GroovyPagesTemplateEngine.java:283)
	at org.codehaus.groovy.grails.web.servlet.view.GroovyPageView.createGroovyPageException(GroovyPageView.java:186)
	at org.codehaus.groovy.grails.web.servlet.view.GroovyPageView.handleException(GroovyPageView.java:182)
	at org.codehaus.groovy.grails.web.servlet.view.GroovyPageView.afterPropertiesSet(GroovyPageView.java:241)
	at org.codehaus.groovy.grails.web.servlet.view.GrailsViewResolver.createGroovyPageView(GrailsViewResolver.java:178)
	at org.codehaus.groovy.grails.web.servlet.view.GrailsViewResolver.createGrailsView(GrailsViewResolver.java:161)
	at org.codehaus.groovy.grails.web.servlet.view.GrailsViewResolver.loadView(GrailsViewResolver.java:86)
	at org.codehaus.groovy.grails.scaffolding.view.ScaffoldingViewResolver.loadView(ScaffoldingViewResolver.java:61)
	at org.springframework.web.servlet.view.AbstractCachingViewResolver.createView(AbstractCachingViewResolver.java:241)
	at org.springframework.web.servlet.view.UrlBasedViewResolver.createView(UrlBasedViewResolver.java:401)
	at org.springframework.web.servlet.view.AbstractCachingViewResolver.resolveViewName(AbstractCachingViewResolver.java:143)
	at org.springframework.web.servlet.DispatcherServlet.resolveViewName(DispatcherServlet.java:1239)
	at org.springframework.web.servlet.DispatcherServlet.render(DispatcherServlet.java:1188)
	at org.codehaus.groovy.grails.web.servlet.GrailsDispatcherServlet.doDispatch(GrailsDispatcherServlet.java:388)
	at org.springframework.web.servlet.DispatcherServlet.doService(DispatcherServlet.java:856)
	at org.springframework.web.servlet.FrameworkServlet.processRequest(FrameworkServlet.java:936)
	at org.springframework.web.servlet.FrameworkServlet.doGet(FrameworkServlet.java:827)
	at javax.servlet.http.HttpServlet.service(HttpServlet.java:621)
	at org.springframework.web.servlet.FrameworkServlet.service(FrameworkServlet.java:812)
	at javax.servlet.http.HttpServlet.service(HttpServlet.java:728)
	at org.apache.catalina.core.ApplicationFilterChain.internalDoFilter(ApplicationFilterChain.java:305)
	at org.apache.catalina.core.ApplicationFilterChain.doFilter(ApplicationFilterChain.java:210)
	at grails.plugin.cache.web.filter.PageFragmentCachingFilter.doFilter(PageFragmentCachingFilter.java:200)
	at grails.plugin.cache.web.filter.AbstractFilter.doFilter(AbstractFilter.java:63)
	at org.springframework.web.filter.DelegatingFilterProxy.invokeDelegate(DelegatingFilterProxy.java:343)
	at org.springframework.web.filter.DelegatingFilterProxy.doFilter(DelegatingFilterProxy.java:260)
	at org.apache.catalina.core.ApplicationFilterChain.internalDoFilter(ApplicationFilterChain.java:243)
	at org.apache.catalina.core.ApplicationFilterChain.doFilter(ApplicationFilterChain.java:210)
	at org.springframework.web.filter.OncePerRequestFilter.doFilter(OncePerRequestFilter.java:101)
	at org.apache.catalina.core.ApplicationFilterChain.internalDoFilter(ApplicationFilterChain.java:243)
	at org.apache.catalina.core.ApplicationFilterChain.doFilter(ApplicationFilterChain.java:210)
	at org.springframework.web.filter.OncePerRequestFilter.doFilter(OncePerRequestFilter.java:101)
	at org.apache.catalina.core.ApplicationFilterChain.internalDoFilter(ApplicationFilterChain.java:243)
	at org.apache.catalina.core.ApplicationFilterChain.doFilter(ApplicationFilterChain.java:210)
	at org.springframework.web.filter.OncePerRequestFilter.doFilter(OncePerRequestFilter.java:101)
	at org.apache.catalina.core.ApplicationFilterChain.internalDoFilter(ApplicationFilterChain.java:243)
	at org.apache.catalina.core.ApplicationFilterChain.doFilter(ApplicationFilterChain.java:210)
	at org.apache.catalina.core.ApplicationDispatcher.invoke(ApplicationDispatcher.java:749)
	at org.apache.catalina.core.ApplicationDispatcher.processRequest(ApplicationDispatcher.java:487)
	at org.apache.catalina.core.ApplicationDispatcher.doForward(ApplicationDispatcher.java:412)
	at org.apache.catalina.core.ApplicationDispatcher.forward(ApplicationDispatcher.java:339)
	at org.codehaus.groovy.grails.web.util.WebUtils.forwardRequestForUrlMappingInfo(WebUtils.java:323)
	at org.codehaus.groovy.grails.web.util.WebUtils.forwardRequestForUrlMappingInfo(WebUtils.java:288)
	at org.codehaus.groovy.grails.web.util.WebUtils.forwardRequestForUrlMappingInfo(WebUtils.java:279)
	at org.codehaus.groovy.grails.web.mapping.filter.UrlMappingsFilter.doFilterInternal(UrlMappingsFilter.java:218)
	at org.springframework.web.filter.OncePerRequestFilter.doFilter(OncePerRequestFilter.java:107)
	at org.apache.catalina.core.ApplicationFilterChain.internalDoFilter(ApplicationFilterChain.java:243)
	at org.apache.catalina.core.ApplicationFilterChain.doFilter(ApplicationFilterChain.java:210)
	at org.codehaus.groovy.grails.web.sitemesh.GrailsPageFilter.obtainContent(GrailsPageFilter.java:206)
	at org.codehaus.groovy.grails.web.sitemesh.GrailsPageFilter.doFilter(GrailsPageFilter.java:152)
	at org.apache.catalina.core.ApplicationFilterChain.internalDoFilter(ApplicationFilterChain.java:243)
	at org.apache.catalina.core.ApplicationFilterChain.doFilter(ApplicationFilterChain.java:210)
	at javax.servlet.FilterChain$doFilter.call(Unknown Source)
	at org.grails.plugin.resource.DevModeSanityFilter.doFilter(DevModeSanityFilter.groovy:44)
	at org.apache.catalina.core.ApplicationFilterChain.internalDoFilter(ApplicationFilterChain.java:243)
	at org.apache.catalina.core.ApplicationFilterChain.doFilter(ApplicationFilterChain.java:210)
	at org.codehaus.groovy.grails.web.servlet.mvc.GrailsWebRequestFilter.doFilterInternal(GrailsWebRequestFilter.java:69)
	at org.springframework.web.filter.OncePerRequestFilter.doFilter(OncePerRequestFilter.java:107)
	at org.apache.catalina.core.ApplicationFilterChain.internalDoFilter(ApplicationFilterChain.java:243)
	at org.apache.catalina.core.ApplicationFilterChain.doFilter(ApplicationFilterChain.java:210)
	at org.codehaus.groovy.grails.web.filters.HiddenHttpMethodFilter.doFilterInternal(HiddenHttpMethodFilter.java:67)
	at org.springframework.web.filter.OncePerRequestFilter.doFilter(OncePerRequestFilter.java:107)
	at org.apache.catalina.core.ApplicationFilterChain.internalDoFilter(ApplicationFilterChain.java:243)
	at org.apache.catalina.core.ApplicationFilterChain.doFilter(ApplicationFilterChain.java:210)
	at org.springframework.web.filter.CharacterEncodingFilter.doFilterInternal(CharacterEncodingFilter.java:88)
	at org.springframework.web.filter.OncePerRequestFilter.doFilter(OncePerRequestFilter.java:107)
	at org.springframework.web.filter.DelegatingFilterProxy.invokeDelegate(DelegatingFilterProxy.java:343)
	at org.springframework.web.filter.DelegatingFilterProxy.doFilter(DelegatingFilterProxy.java:260)
	at org.apache.catalina.core.ApplicationFilterChain.internalDoFilter(ApplicationFilterChain.java:243)
	at org.apache.catalina.core.ApplicationFilterChain.doFilter(ApplicationFilterChain.java:210)
	at org.apache.catalina.core.StandardWrapperValve.invoke(StandardWrapperValve.java:222)
	at org.apache.catalina.core.StandardContextValve.invoke(StandardContextValve.java:123)
	at org.apache.catalina.core.StandardHostValve.invoke(StandardHostValve.java:171)
	at org.apache.catalina.valves.ErrorReportValve.invoke(ErrorReportValve.java:99)
	at org.apache.catalina.core.StandardEngineValve.invoke(StandardEngineValve.java:118)
	at org.apache.catalina.connector.CoyoteAdapter.service(CoyoteAdapter.java:408)
	at org.apache.coyote.http11.AbstractHttp11Processor.process(AbstractHttp11Processor.java:1023)
	at org.apache.coyote.AbstractProtocol$AbstractConnectionHandler.process(AbstractProtocol.java:589)
	at org.apache.tomcat.util.net.JIoEndpoint$SocketProcessor.run(JIoEndpoint.java:310)
	at java.util.concurrent.ThreadPoolExecutor.runWorker(ThreadPoolExecutor.java:1110)
	at java.util.concurrent.ThreadPoolExecutor$Worker.run(ThreadPoolExecutor.java:603)
	at java.lang.Thread.run(Thread.java:722)
2015-09-15 14:21:20,593 [http-bio-8080-exec-7] ERROR StackTrace  - Full Stack Trace:
java.lang.RuntimeException: Error initializing GroovyPageView
	at grails.plugin.cache.web.filter.PageFragmentCachingFilter.doFilter(PageFragmentCachingFilter.java:200)
	at grails.plugin.cache.web.filter.AbstractFilter.doFilter(AbstractFilter.java:63)
	at java.util.concurrent.ThreadPoolExecutor.runWorker(ThreadPoolExecutor.java:1110)
	at java.util.concurrent.ThreadPoolExecutor$Worker.run(ThreadPoolExecutor.java:603)
	at java.lang.Thread.run(Thread.java:722)
Caused by: org.codehaus.groovy.grails.web.taglib.exceptions.GrailsTagException: Grails tag [g:action="login"] was not closed
	... 5 more
2015-09-15 14:21:20,596 [http-bio-8080-exec-7] ERROR StackTrace  - Full Stack Trace:
java.lang.RuntimeException: Error initializing GroovyPageView
	at grails.plugin.cache.web.filter.PageFragmentCachingFilter.doFilter(PageFragmentCachingFilter.java:200)
	at grails.plugin.cache.web.filter.AbstractFilter.doFilter(AbstractFilter.java:63)
	at java.util.concurrent.ThreadPoolExecutor.runWorker(ThreadPoolExecutor.java:1110)
	at java.util.concurrent.ThreadPoolExecutor$Worker.run(ThreadPoolExecutor.java:603)
	at java.lang.Thread.run(Thread.java:722)
Caused by: org.codehaus.groovy.grails.web.taglib.exceptions.GrailsTagException: Grails tag [g:action="login"] was not closed
	... 5 more
2015-09-15 14:21:20,596 [http-bio-8080-exec-7] ERROR StackTrace  - Full Stack Trace:
org.codehaus.groovy.grails.web.taglib.exceptions.GrailsTagException: Grails tag [g:action="login"] was not closed
	at grails.plugin.cache.web.filter.PageFragmentCachingFilter.doFilter(PageFragmentCachingFilter.java:200)
	at grails.plugin.cache.web.filter.AbstractFilter.doFilter(AbstractFilter.java:63)
	at java.util.concurrent.ThreadPoolExecutor.runWorker(ThreadPoolExecutor.java:1110)
	at java.util.concurrent.ThreadPoolExecutor$Worker.run(ThreadPoolExecutor.java:603)
	at java.lang.Thread.run(Thread.java:722)
2015-09-15 14:21:20,596 [http-bio-8080-exec-7] ERROR StackTrace  - Full Stack Trace:
java.lang.RuntimeException: Error initializing GroovyPageView
	at grails.plugin.cache.web.filter.PageFragmentCachingFilter.doFilter(PageFragmentCachingFilter.java:200)
	at grails.plugin.cache.web.filter.AbstractFilter.doFilter(AbstractFilter.java:63)
	at java.util.concurrent.ThreadPoolExecutor.runWorker(ThreadPoolExecutor.java:1110)
	at java.util.concurrent.ThreadPoolExecutor$Worker.run(ThreadPoolExecutor.java:603)
	at java.lang.Thread.run(Thread.java:722)
Caused by: org.codehaus.groovy.grails.web.taglib.exceptions.GrailsTagException: Grails tag [g:action="login"] was not closed
	... 5 more
